<?xml version="1.0" encoding="utf-8"?><testsuites name="pytest tests"><testsuite name="pytest" errors="0" failures="0" skipped="0" tests="44" time="13.708" timestamp="2026-09-09T16:09:44.338424+05:30" hostname="vandana"><testcase classname="tests.test_api" name="test_all_required_endpoints[]" time="4.164" /><testcase classname="tests.test_api" name="test_all_required_endpoints[/v1]" time="1.259" /><testcase classname="tests.test_api" name="test_invalid_api_does_not_predict" time="0.011" /><testcase classname="tests.test_api" name="test_auth_key_enforced" time="0.387" /><testcase classname="tests.test_api" name="test_invalid_batch_atomic_rejection" time="0.014" /><testcase classname="tests.test_api" name="test_schema_docs_and_monitoring" time="0.094" /><testcase classname="tests.test_features" name="test_required_calculations" time="0.002" /><testcase classname="tests.test_features" name="test_overstrain_strict_boundaries[L-11000]" time="0.002" /><testcase classname="tests.test_features" name="test_overstrain_strict_boundaries[M-12000]" time="0.002" /><testcase classname="tests.test_features" name="test_overstrain_strict_boundaries[H-13000]" time="0.002" /><testcase classname="tests.test_features" name="test_hdf_requires_both_conditions" time="0.001" /><testcase classname="tests.test_features" name="test_imputation_fitted_on_training_and_derived_after" time="0.012" /><testcase classname="tests.test_features" name="test_unknown_category_safe_internal_pipeline" time="0.025" /><testcase classname="tests.test_inference" name="test_healthy_and_high_risk" time="1.077" /><testcase classname="tests.test_inference" name="test_invalid_sensor_rejected[None]" time="0.001" /><testcase classname="tests.test_inference" name="test_invalid_sensor_rejected[hot]" time="0.001" /><testcase classname="tests.test_inference" name="test_invalid_sensor_rejected[inf]" time="0.001" /><testcase classname="tests.test_inference" name="test_invalid_sensor_rejected[nan]" time="0.001" /><testcase classname="tests.test_inference" name="test_invalid_sensor_rejected[-1]" time="0.001" /><testcase classname="tests.test_inference" name="test_invalid_sensor_rejected[True]" time="0.002" /><testcase classname="tests.test_inference" name="test_invalid_sensor_rejected[1e+308]" time="0.001" /><testcase classname="tests.test_inference" name="test_missing_and_invalid_category" time="0.001" /><testcase classname="tests.test_inference" name="test_out_of_distribution_warns" time="0.300" /><testcase classname="tests.test_inference" name="test_metadata_not_predictive" time="0.622" /><testcase classname="tests.test_inference" name="test_prediction_matches_saved_pipeline" time="0.365" /><testcase classname="tests.test_inference" name="test_random_failure_has_no_sensor_probability" time="0.301" /><testcase classname="tests.test_inference" name="test_batch_matches_single_and_protects_input" time="1.135" /><testcase classname="tests.test_no_leakage" name="test_forbidden_columns_rejected[HDF]" time="0.003" /><testcase classname="tests.test_no_leakage" name="test_forbidden_columns_rejected[Machine failure]" time="0.003" /><testcase classname="tests.test_no_leakage" name="test_forbidden_columns_rejected[OSF]" time="0.002" /><testcase classname="tests.test_no_leakage" name="test_forbidden_columns_rejected[PWF]" time="0.002" /><testcase classname="tests.test_no_leakage" name="test_forbidden_columns_rejected[Product ID]" time="0.002" /><testcase classname="tests.test_no_leakage" name="test_forbidden_columns_rejected[RNF]" time="0.002" /><testcase classname="tests.test_no_leakage" name="test_forbidden_columns_rejected[TWF]" time="0.002" /><testcase classname="tests.test_no_leakage" name="test_forbidden_columns_rejected[UDI]" time="0.002" /><testcase classname="tests.test_no_leakage" name="test_forbidden_columns_rejected[UID]" time="0.002" /><testcase classname="tests.test_no_leakage" name="test_forbidden_columns_rejected[event_timestamp]" time="0.002" /><testcase classname="tests.test_no_leakage" name="test_forbidden_columns_rejected[machine_id]" time="0.002" /><testcase classname="tests.test_no_leakage" name="test_forbidden_columns_rejected[production_state]" time="0.002" /><testcase classname="tests.test_no_leakage" name="test_disjoint_splits" time="0.033" /><testcase classname="tests.test_no_leakage" name="test_all_saved_models_only_use_allowlisted_predictors" time="0.002" /><testcase classname="tests.test_no_leakage" name="test_imputation_statistics_equal_training_only" time="0.015" /><testcase classname="tests.test_no_leakage" name="test_selection_precedes_test" time="0.031" /><testcase classname="tests.test_ui" name="test_manual_entry_ui_healthy_and_high_risk" time="2.133" /></testsuite></testsuites>